Flutter crash report.
Please report a bug at https://github.com/flutter/flutter/issues.

## command

flutter run --machine --start-paused -d RFCTA0D6N8N --devtools-server-address http://127.0.0.1:9100/ --target D:\DFH\entf\proyectos\flutter_application_1\maria\lib\main.dart

## exception

HttpException: HttpException: Connection closed before full header was received, uri = http://127.0.0.1:2409/wen0PhiHbCk=/ws

```
```

## flutter doctor

```
[✓] Flutter (Channel master, 3.21.0-16.0.pre.9, on Microsoft Windows [Versi¢n 10.0.18362.30], locale es-ES)
    • Flutter version 3.21.0-16.0.pre.9 on channel master at D:\DFH\entf\3.3.7
    • Upstream repository https://github.com/flutter/flutter.git
    • Framework revision c6f9cdf156 (6 days ago), 2024-03-27 14:08:21 -0400
    • Engine revision b7dddee939
    • Dart version 3.4.0 (build 3.4.0-275.0.dev)
    • DevTools version 2.34.0-dev.12

[✓] Windows Version (Installed version of Windows is version 10 or higher)

[☠] Android toolchain - develop for Android devices (the doctor check crashed)
    ✗ Due to an error, the doctor check did not complete. If the error message below is not helpful, please let us know about this issue at https://github.com/flutter/flutter/issues.
    ✗ Exception: Android toolchain - develop for Android devices exceeded maximum allowed duration of 0:04:30.000000
    • 

[✓] Chrome - develop for the web
    • Chrome at C:\Users\Maria\AppData\Local\Google\Chrome\Application\chrome.exe

[✗] Visual Studio - develop Windows apps
    ✗ Visual Studio not installed; this is necessary to develop Windows apps.
      Download at https://visualstudio.microsoft.com/downloads/.
      Please install the "Desktop development with C++" workload, including all of its default components

[✓] Android Studio (version 2023.1)
    • Android Studio at C:\Program Files\Android\Android Studio
    • Flutter plugin can be installed from:
      🔨 https://plugins.jetbrains.com/plugin/9212-flutter
    • Dart plugin can be installed from:
      🔨 https://plugins.jetbrains.com/plugin/6351-dart
    • Java version OpenJDK Runtime Environment (build 17.0.7+0-b2043.56-10550314)

[✓] VS Code (version 1.87.2)
    • VS Code at C:\Users\Maria\AppData\Local\Programs\Microsoft VS Code
    • Flutter extension version 3.84.0

[✓] Connected device (3 available)
    • SM A336M (mobile) • RFCTA0D6N8N • android-arm64  • Android 12 (API 31)
    • Windows (desktop) • windows     • windows-x64    • Microsoft Windows [Versi¢n 10.0.18362.30]
    • Chrome (web)      • chrome      • web-javascript • Google Chrome 123.0.6312.86

[✓] Network resources
    • All expected network resources are available.

! Doctor found issues in 2 categories.
```
